Determining if the pthread_create exist failed with the following output:
Change Dir: /home/xionglin/NewDisk/345G/QT5/C++/practise2/cline_opencv1/cmake-build-debug/CMakeFiles/CMakeTmp

Run Build Command:"/usr/bin/make" "cmTC_db601/fast"
/usr/bin/make -f CMakeFiles/cmTC_db601.dir/build.make CMakeFiles/cmTC_db601.dir/build
make[1]: Entering directory '/home/xionglin/NewDisk/345G/QT5/C++/practise2/cline_opencv1/cmake-build-debug/CMakeFiles/CMakeTmp'
Building C object CMakeFiles/cmTC_db601.dir/CheckSymbolExists.c.o
/usr/bin/cc   -fPIC    -o CMakeFiles/cmTC_db601.dir/CheckSymbolExists.c.o   -c /home/xionglin/NewDisk/345G/QT5/C++/practise2/cline_opencv1/cmake-build-debug/CMakeFiles/CMakeTmp/CheckSymbolExists.c
Linking C executable cmTC_db601
/home/xionglin/NewDisk/274G1/programfiles/clion-2018.3.1/bin/cmake/linux/bin/cmake -E cmake_link_script CMakeFiles/cmTC_db601.dir/link.txt --verbose=1
/usr/bin/cc -fPIC     CMakeFiles/cmTC_db601.dir/CheckSymbolExists.c.o  -o cmTC_db601 
CMakeFiles/cmTC_db601.dir/CheckSymbolExists.c.o: In function `main':
CheckSymbolExists.c:(.text+0x1b): undefined reference to `pthread_create'
collect2: error: ld returned 1 exit status
CMakeFiles/cmTC_db601.dir/build.make:86: recipe for target 'cmTC_db601' failed
make[1]: *** [cmTC_db601] Error 1
make[1]: Leaving directory '/home/xionglin/NewDisk/345G/QT5/C++/practise2/cline_opencv1/cmake-build-debug/CMakeFiles/CMakeTmp'
Makefile:121: recipe for target 'cmTC_db601/fast' failed
make: *** [cmTC_db601/fast] Error 2

File /home/xionglin/NewDisk/345G/QT5/C++/practise2/cline_opencv1/cmake-build-debug/CMakeFiles/CMakeTmp/CheckSymbolExists.c:
/* */
#include <pthread.h>

int main(int argc, char** argv)
{
  (void)argv;
#ifndef pthread_create
  return ((int*)(&pthread_create))[argc];
#else
  (void)argc;
  return 0;
#endif
}

Determining if the function pthread_create exists in the pthreads failed with the following output:
Change Dir: /home/xionglin/NewDisk/345G/QT5/C++/practise2/cline_opencv1/cmake-build-debug/CMakeFiles/CMakeTmp

Run Build Command:"/usr/bin/make" "cmTC_71b72/fast"
/usr/bin/make -f CMakeFiles/cmTC_71b72.dir/build.make CMakeFiles/cmTC_71b72.dir/build
make[1]: Entering directory '/home/xionglin/NewDisk/345G/QT5/C++/practise2/cline_opencv1/cmake-build-debug/CMakeFiles/CMakeTmp'
Building C object CMakeFiles/cmTC_71b72.dir/CheckFunctionExists.c.o
/usr/bin/cc   -fPIC -DCHECK_FUNCTION_EXISTS=pthread_create   -o CMakeFiles/cmTC_71b72.dir/CheckFunctionExists.c.o   -c /home/xionglin/NewDisk/274G1/programfiles/clion-2018.3.1/bin/cmake/linux/share/cmake-3.13/Modules/CheckFunctionExists.c
Linking C executable cmTC_71b72
/home/xionglin/NewDisk/274G1/programfiles/clion-2018.3.1/bin/cmake/linux/bin/cmake -E cmake_link_script CMakeFiles/cmTC_71b72.dir/link.txt --verbose=1
/usr/bin/cc -fPIC -DCHECK_FUNCTION_EXISTS=pthread_create    CMakeFiles/cmTC_71b72.dir/CheckFunctionExists.c.o  -o cmTC_71b72 -lpthreads 
/usr/bin/ld: cannot find -lpthreads
collect2: error: ld returned 1 exit status
CMakeFiles/cmTC_71b72.dir/build.make:86: recipe for target 'cmTC_71b72' failed
make[1]: *** [cmTC_71b72] Error 1
make[1]: Leaving directory '/home/xionglin/NewDisk/345G/QT5/C++/practise2/cline_opencv1/cmake-build-debug/CMakeFiles/CMakeTmp'
Makefile:121: recipe for target 'cmTC_71b72/fast' failed
make: *** [cmTC_71b72/fast] Error 2


